app/build/outputs/logs/manifest-merger-debug-report.txt
-- Merging decision tree log ---
manifest
ADDED from src\main\AndroidManifest.xml:2:1-139:12
INJECTED from src\main\AndroidManifest.xml:2:1-139:12
INJECTED from src\main\AndroidManifest.xml:2:1-139:12
INJECTED from src\main\AndroidManifest.xml:2:1-139:12
MERGED from [com.github.blackcat27:CurrencyEditText:2.0.2] AndroidManifest.xml:2:1-14:12
MERGED from [de.hdodenhof:circleimageview:2.1.0] AndroidManifest.xml:2:1-11:12
MERGED from [com.msg91.sendotp.library:library:3.1] AndroidManifest.xml:2:1-17:12
MERGED from [com.mikepenz:materialdrawer:5.9.2] AndroidManifest.xml:2:1-12:12
MERGED from [com.afollestad.material-dialogs:core:0.9.4.5] AndroidManifest.xml:2:1-15:12
MERGED from [cc.cloudist.acplibrary:library:1.2.1] AndroidManifest.xml:2:1-12:12
MERGED from [com.github.pinball83:masked-edittext:1.0.3] AndroidManifest.xml:2:1-16:12
MERGED from [com.github.rahimlis:badgedtablayout:v1.1] AndroidManifest.xml:2:1-17:12
MERGED from [com.satsuware.lib:usefulviews:2.3.6] AndroidManifest.xml:17:1-29:12
MERGED from [com.github.faranjit:currency-edittext:1.0.1] AndroidManifest.xml:2:1-17:12
MERGED from [me.zhanghai.android.materialprogressbar:library:1.4.1] AndroidManifest.xml:6:1-16:12
MERGED from [com.android.support:design:25.4.0] AndroidManifest.xml:17:1-31:12
MERGED from [com.android.support:appcompat-v7:25.4.0] AndroidManifest.xml:17:1-31:12
MERGED from [com.android.support.constraint:constraint-layout:1.0.2] AndroidManifest.xml:2:1-11:12
MERGED from [com.android.support:support-v13:25.3.1] AndroidManifest.xml:17:1-31:12
MERGED from [com.google.firebase:firebase-auth:11.0.4] AndroidManifest.xml:16:1-21:12
MERGED from [com.google.firebase:firebase-database:11.0.4] AndroidManifest.xml:2:1-4:12
MERGED from [com.google.firebase:firebase-storage:11.0.4] AndroidManifest.xml:2:1-4:12
MERGED from [com.google.firebase:firebase-messaging:11.0.4] AndroidManifest.xml:16:1-30:12
MERGED from [com.google.firebase:firebase-core:11.0.4] AndroidManifest.xml:2:1-6:12
MERGED from [com.google.firebase:firebase-analytics:11.0.4] AndroidManifest.xml:16:1-35:12
MERGED from [com.google.android.gms:play-services-base:11.0.4] AndroidManifest.xml:16:1-21:12
MERGED from [com.google.firebase:firebase-database-connection:11.0.4] AndroidManifest.xml:2:1-4:12
MERGED from [com.google.firebase:firebase-analytics-impl:11.0.4] AndroidManifest.xml:16:1-29:12
MERGED from [com.google.firebase:firebase-iid:11.0.4] AndroidManifest.xml:16:1-50:12
MERGED from [com.google.firebase:firebase-common:11.0.4] AndroidManifest.xml:2:1-8:12
MERGED from [com.google.android.gms:play-services-tasks:11.0.4] AndroidManifest.xml:2:1-5:12
MERGED from [com.google.firebase:firebase-storage-common:11.0.4] AndroidManifest.xml:2:1-4:12
MERGED from [com.google.android.gms:play-services-basement:11.0.4] AndroidManifest.xml:16:1-23:12
MERGED from [com.android.support:transition:25.4.0] AndroidManifest.xml:17:1-28:12
MERGED from [com.android.support:support-v4:25.4.0] AndroidManifest.xml:17:1-31:12
MERGED from [com.jakewharton:butterknife:8.7.0] AndroidManifest.xml:2:1-7:12
MERGED from [com.mikepenz:fontawesome-typeface:4.4.0.1] AndroidManifest.xml:2:1-12:12
MERGED from [com.intuit.ssp:ssp-android:1.0.4] AndroidManifest.xml:2:1-11:12
MERGED from [com.intuit.sdp:sdp-android:1.0.4] AndroidManifest.xml:2:1-11:12
MERGED from [com.wang.avi:library:2.1.3] AndroidManifest.xml:2:1-11:12
MERGED from [com.github.reinaldoarrosi:maskededittext:1.1.0] AndroidManifest.xml:2:1-13:12
MERGED from [com.android.support:cardview-v7:25.4.0] AndroidManifest.xml:17:1-28:12
MERGED from [com.github.satyan:sugar:1.3.1] AndroidManifest.xml:2:1-14:12
MERGED from [com.aldoapps:autoformatedittext:0.9.3] AndroidManifest.xml:2:1-17:12
MERGED from [com.android.support:animated-vector-drawable:25.4.0] AndroidManifest.xml:17:1-28:12
MERGED from [com.android.support:support-vector-drawable:25.4.0] AndroidManifest.xml:17:1-28:12
MERGED from [com.android.support:recyclerview-v7:25.4.0] AndroidManifest.xml:17:1-28:12
MERGED from [com.android.support:support-fragment:25.4.0] AndroidManifest.xml:17:1-31:12
MERGED from [com.android.support:support-core-ui:25.4.0] AndroidManifest.xml:17:1-31:12
MERGED from [com.android.support:support-media-compat:25.4.0] AndroidManifest.xml:17:1-31:12
MERGED from [com.android.support:support-core-utils:25.4.0] AndroidManifest.xml:17:1-31:12
MERGED from [com.android.support:support-compat:25.4.0] AndroidManifest.xml:17:1-31:12
MERGED from [com.mikepenz:materialize:1.0.2] AndroidManifest.xml:2:1-12:12
MERGED from [com.mikepenz:iconics-core:2.8.5] AndroidManifest.xml:2:1-12:12
MERGED from [com.mikepenz:fastadapter:2.5.3] AndroidManifest.xml:2:1-12:12
INJECTED from src\main\AndroidManifest.xml:2:1-139:12
INJECTED from src\main\AndroidManifest.xml:2:1-139:12
INJECTED from src\main\AndroidManifest.xml:2:1-139:12
	package
		ADDED from src\main\AndroidManifest.xml:3:5-35
		INJECTED from src\main\AndroidManifest.xml
		INJECTED from src\main\AndroidManifest.xml
	android:versionName
		INJECTED from src\main\AndroidManifest.xml
		ADDED from src\main\AndroidManifest.xml:2:1-139:12
		INJECTED from src\main\AndroidManifest.xml
	android:versionCode
		INJECTED from src\main\AndroidManifest.xml
		ADDED from src\main\AndroidManifest.xml:2:1-139:12
		INJECTED from src\main\AndroidManifest.xml
	xmlns:android
		ADDED from src\main\AndroidManifest.xml:2:11-69
uses-permission#android.permission.INTERNET
ADDED from src\main\AndroidManifest.xml:5:5-67
MERGED from [com.google.firebase:firebase-analytics:11.0.4] AndroidManifest.xml:20:5-66
MERGED from [com.google.firebase:firebase-analytics:11.0.4] AndroidManifest.xml:20:5-66
MERGED from [com.google.firebase:firebase-analytics-impl:11.0.4] AndroidManifest.xml:20:5-66
MERGED from [com.google.firebase:firebase-analytics-impl:11.0.4] AndroidManifest.xml:20:5-66
MERGED from [com.google.firebase:firebase-iid:11.0.4] AndroidManifest.xml:20:5-66
MERGED from [com.google.firebase:firebase-iid:11.0.4] AndroidManifest.xml:20:5-66
	android:name
		ADDED from src\main\AndroidManifest.xml:5:22-64
uses-permission#android.permission.ACCESS_NETWORK_STATE
ADDED from src\main\AndroidManifest.xml:6:5-79
MERGED from [com.google.firebase:firebase-analytics:11.0.4] AndroidManifest.xml:21:5-78
MERGED from [com.google.firebase:firebase-analytics:11.0.4] AndroidManifest.xml:21:5-78
MERGED from [com.google.firebase:firebase-analytics-impl:11.0.4] AndroidManifest.xml:21:5-78
MERGED from [com.google.firebase:firebase-analytics-impl:11.0.4] AndroidManifest.xml:21:5-78
MERGED from [com.google.firebase:firebase-iid:11.0.4] AndroidManifest.xml:19:5-78
MERGED from [com.google.firebase:firebase-iid:11.0.4] AndroidManifest.xml:19:5-78
	android:name
		ADDED from src\main\AndroidManifest.xml:6:22-76
uses-permission#android.permission.READ_EXTERNAL_STORAGE
ADDED from src\main\AndroidManifest.xml:7:5-80
	android:name
		ADDED from src\main\AndroidManifest.xml:7:22-77
uses-permission#android.permission.READ_SMS
ADDED from src\main\AndroidManifest.xml:8:5-67
	android:name
		ADDED from src\main\AndroidManifest.xml:8:22-64
uses-permission#android.permission.RECEIVE_SMS
ADDED from src\main\AndroidManifest.xml:9:5-70
	android:name
		ADDED from src\main\AndroidManifest.xml:9:22-67
application
ADDED from src\main\AndroidManifest.xml:11:5-137:19
MERGED from [com.github.blackcat27:CurrencyEditText:2.0.2] AndroidManifest.xml:11:5-12:19
MERGED from [com.github.blackcat27:CurrencyEditText:2.0.2] AndroidManifest.xml:11:5-12:19
MERGED from [de.hdodenhof:circleimageview:2.1.0] AndroidManifest.xml:9:5-20
MERGED from [de.hdodenhof:circleimageview:2.1.0] AndroidManifest.xml:9:5-20
MERGED from [com.msg91.sendotp.library:library:3.1] AndroidManifest.xml:11:5-15:19
MERGED from [com.msg91.sendotp.library:library:3.1] AndroidManifest.xml:11:5-15:19
MERGED from [com.afollestad.material-dialogs:core:0.9.4.5] AndroidManifest.xml:13:5-20
MERGED from [com.afollestad.material-dialogs:core:0.9.4.5] AndroidManifest.xml:13:5-20
MERGED from [com.github.pinball83:masked-edittext:1.0.3] AndroidManifest.xml:11:5-14:19
MERGED from [com.github.pinball83:masked-edittext:1.0.3] AndroidManifest.xml:11:5-14:19
MERGED from [com.github.rahimlis:badgedtablayout:v1.1] AndroidManifest.xml:11:5-15:19
MERGED from [com.github.rahimlis:badgedtablayout:v1.1] AndroidManifest.xml:11:5-15:19
MERGED from [com.satsuware.lib:usefulviews:2.3.6] AndroidManifest.xml:27:5-20
MERGED from [com.satsuware.lib:usefulviews:2.3.6] AndroidManifest.xml:27:5-20
MERGED from [com.github.faranjit:currency-edittext:1.0.1] AndroidManifest.xml:11:5-15:19
MERGED from [com.github.faranjit:currency-edittext:1.0.1] AndroidManifest.xml:11:5-15:19
MERGED from [com.android.support:design:25.4.0] AndroidManifest.xml:25:5-29:19
MERGED from [com.android.support:design:25.4.0] AndroidManifest.xml:25:5-29:19
MERGED from [com.android.support:appcompat-v7:25.4.0] AndroidManifest.xml:25:5-29:19
MERGED from [com.android.support:appcompat-v7:25.4.0] AndroidManifest.xml:25:5-29:19
MERGED from [com.android.support.constraint:constraint-layout:1.0.2] AndroidManifest.xml:9:5-20
MERGED from [com.android.support.constraint:constraint-layout:1.0.2] AndroidManifest.xml:9:5-20
MERGED from [com.android.support:support-v13:25.3.1] AndroidManifest.xml:29:5-20
MERGED from [com.android.support:support-v13:25.3.1] AndroidManifest.xml:29:5-20
MERGED from [com.google.firebase:firebase-auth:11.0.4] AndroidManifest.xml:19:5-20:19
MERGED from [com.google.firebase:firebase-auth:11.0.4] AndroidManifest.xml:19:5-20:19
MERGED from [com.google.firebase:firebase-messaging:11.0.4] AndroidManifest.xml:19:5-29:19
MERGED from [com.google.firebase:firebase-messaging:11.0.4] AndroidManifest.xml:19:5-29:19
MERGED from [com.google.firebase:firebase-core:11.0.4] AndroidManifest.xml:5:5-20
MERGED from [com.google.firebase:firebase-core:11.0.4] AndroidManifest.xml:5:5-20
MERGED from [com.google.firebase:firebase-analytics:11.0.4] AndroidManifest.xml:24:5-34:19
MERGED from [com.google.firebase:firebase-analytics:11.0.4] AndroidManifest.xml:24:5-34:19
MERGED from [com.google.android.gms:play-services-base:11.0.4] AndroidManifest.xml:18:5-20:19
MERGED from [com.google.android.gms:play-services-base:11.0.4] AndroidManifest.xml:18:5-20:19
MERGED from [com.google.firebase:firebase-analytics-impl:11.0.4] AndroidManifest.xml:24:5-28:19
MERGED from [com.google.firebase:firebase-analytics-impl:11.0.4] AndroidManifest.xml:24:5-28:19
MERGED from [com.google.firebase:firebase-iid:11.0.4] AndroidManifest.xml:28:5-49:19
MERGED from [com.google.firebase:firebase-iid:11.0.4] AndroidManifest.xml:28:5-49:19
MERGED from [com.google.firebase:firebase-common:11.0.4] AndroidManifest.xml:4:5-7:19
MERGED from [com.google.firebase:firebase-common:11.0.4] AndroidManifest.xml:4:5-7:19
MERGED from [com.google.android.gms:play-services-tasks:11.0.4] AndroidManifest.xml:4:5-19
MERGED from [com.google.android.gms:play-services-tasks:11.0.4] AndroidManifest.xml:4:5-19
MERGED from [com.google.android.gms:play-services-basement:11.0.4] AndroidManifest.xml:19:5-21:19
MERGED from [com.google.android.gms:play-services-basement:11.0.4] AndroidManifest.xml:19:5-21:19
MERGED from [com.android.support:transition:25.4.0] AndroidManifest.xml:22:5-26:19
MERGED from [com.android.support:transition:25.4.0] AndroidManifest.xml:22:5-26:19
MERGED from [com.android.support:support-v4:25.4.0] AndroidManifest.xml:25:5-29:19
MERGED from [com.android.support:support-v4:25.4.0] AndroidManifest.xml:25:5-29:19
MERGED from [com.github.reinaldoarrosi:maskededittext:1.1.0] AndroidManifest.xml:11:5-53
MERGED from [com.github.reinaldoarrosi:maskededittext:1.1.0] AndroidManifest.xml:11:5-53
MERGED from [com.android.support:cardview-v7:25.4.0] AndroidManifest.xml:22:5-26:19
MERGED from [com.android.support:cardview-v7:25.4.0] AndroidManifest.xml:22:5-26:19
MERGED from [com.github.satyan:sugar:1.3.1] AndroidManifest.xml:11:5-12:19
MERGED from [com.github.satyan:sugar:1.3.1] AndroidManifest.xml:11:5-12:19
MERGED from [com.aldoapps:autoformatedittext:0.9.3] AndroidManifest.xml:11:5-15:19
MERGED from [com.aldoapps:autoformatedittext:0.9.3] AndroidManifest.xml:11:5-15:19
MERGED from [com.android.support:animated-vector-drawable:25.4.0] AndroidManifest.xml:22:5-26:19
MERGED from [com.android.support:animated-vector-drawable:25.4.0] AndroidManifest.xml:22:5-26:19
MERGED from [com.android.support:support-vector-drawable:25.4.0] AndroidManifest.xml:22:5-26:19
MERGED from [com.android.support:support-vector-drawable:25.4.0] AndroidManifest.xml:22:5-26:19
MERGED from [com.android.support:recyclerview-v7:25.4.0] AndroidManifest.xml:22:5-26:19
MERGED from [com.android.support:recyclerview-v7:25.4.0] AndroidManifest.xml:22:5-26:19
MERGED from [com.android.support:support-fragment:25.4.0] AndroidManifest.xml:25:5-29:19
MERGED from [com.android.support:support-fragment:25.4.0] AndroidManifest.xml:25:5-29:19
MERGED from [com.android.support:support-core-ui:25.4.0] AndroidManifest.xml:25:5-29:19
MERGED from [com.android.support:support-core-ui:25.4.0] AndroidManifest.xml:25:5-29:19
MERGED from [com.android.support:support-media-compat:25.4.0] AndroidManifest.xml:25:5-29:19
MERGED from [com.android.support:support-media-compat:25.4.0] AndroidManifest.xml:25:5-29:19
MERGED from [com.android.support:support-core-utils:25.4.0] AndroidManifest.xml:25:5-29:19
MERGED from [com.android.support:support-core-utils:25.4.0] AndroidManifest.xml:25:5-29:19
MERGED from [com.android.support:support-compat:25.4.0] AndroidManifest.xml:25:5-29:19
MERGED from [com.android.support:support-compat:25.4.0] AndroidManifest.xml:25:5-29:19
	android:supportsRtl
		ADDED from src\main\AndroidManifest.xml:17:9-35
	android:label
		ADDED from src\main\AndroidManifest.xml:15:9-41
	android:roundIcon
		ADDED from src\main\AndroidManifest.xml:16:9-48
	android:icon
		ADDED from src\main\AndroidManifest.xml:14:9-43
	android:allowBackup
		ADDED from src\main\AndroidManifest.xml:13:9-35
	android:theme
		ADDED from src\main\AndroidManifest.xml:18:9-40
	android:name
		ADDED from src\main\AndroidManifest.xml:12:9-47
meta-data#DATABASE
ADDED from src\main\AndroidManifest.xml:19:9-21:47
	android:value
		ADDED from src\main\AndroidManifest.xml:21:13-44
	android:name
		ADDED from src\main\AndroidManifest.xml:20:13-36
meta-data#VERSION
ADDED from src\main\AndroidManifest.xml:22:9-24:33
	android:value
		ADDED from src\main\AndroidManifest.xml:24:13-30
	android:name
		ADDED from src\main\AndroidManifest.xml:23:13-35
meta-data#QUERY_LOG
ADDED from src\main\AndroidManifest.xml:25:9-27:36
	android:value
		ADDED from src\main\AndroidManifest.xml:27:13-33
	android:name
		ADDED from src\main\AndroidManifest.xml:26:13-37
meta-data#DOMAIN_PACKAGE_NAME
ADDED from src\main\AndroidManifest.xml:28:9-30:45
	android:value
		ADDED from src\main\AndroidManifest.xml:30:13-42
	android:name
		ADDED from src\main\AndroidManifest.xml:29:13-47
activity#ng.com.bitlab.micash.common.MainActivity
ADDED from src\main\AndroidManifest.xml:32:9-34:52
	android:screenOrientation
		ADDED from src\main\AndroidManifest.xml:34:13-49
	android:name
		ADDED from src\main\AndroidManifest.xml:33:13-48
activity#ng.com.bitlab.micash.common.SplashScreenActivity
ADDED from src\main\AndroidManifest.xml:35:9-43:20
	android:screenOrientation
		ADDED from src\main\AndroidManifest.xml:37:13-49
	android:name
		ADDED from src\main\AndroidManifest.xml:36:13-56
intent-filter#android.intent.action.MAIN+android.intent.category.LAUNCHER
ADDED from src\main\AndroidManifest.xml:38:13-42:29
action#android.intent.action.MAIN
ADDED from src\main\AndroidManifest.xml:39:17-69
	android:name
		ADDED from src\main\AndroidManifest.xml:39:25-66
category#android.intent.category.LAUNCHER
ADDED from src\main\AndroidManifest.xml:41:17-77
	android:name
		ADDED from src\main\AndroidManifest.xml:41:27-74
activity#ng.com.bitlab.micash.ui.transactions.TransactionsActivity
ADDED from src\main\AndroidManifest.xml:44:9-46:52
	android:screenOrientation
		ADDED from src\main\AndroidManifest.xml:46:13-49
	android:name
		ADDED from src\main\AndroidManifest.xml:45:13-65
activity#ng.com.bitlab.micash.ui.cards.CardsActivity
ADDED from src\main\AndroidManifest.xml:47:9-49:52
	android:screenOrientation
		ADDED from src\main\AndroidManifest.xml:49:13-49
	android:name
		ADDED from src\main\AndroidManifest.xml:48:13-51
activity#ng.com.bitlab.micash.ui.guarantor.GuarantorActivity
ADDED from src\main\AndroidManifest.xml:50:9-52:52
	android:screenOrientation
		ADDED from src\main\AndroidManifest.xml:52:13-49
	android:name
		ADDED from src\main\AndroidManifest.xml:51:13-59
activity#ng.com.bitlab.micash.ui.settings.SettingsActivity
ADDED from src\main\AndroidManifest.xml:53:9-55:52
	android:screenOrientation
		ADDED from src\main\AndroidManifest.xml:55:13-49
	android:name
		ADDED from src\main\AndroidManifest.xml:54:13-57
activity#ng.com.bitlab.micash.ui.intro.IntroActivity
ADDED from src\main\AndroidManifest.xml:56:9-60:47
	android:screenOrientation
		ADDED from src\main\AndroidManifest.xml:59:13-49
	android:label
		ADDED from src\main\AndroidManifest.xml:58:13-57
	android:theme
		ADDED from src\main\AndroidManifest.xml:60:13-44
	android:name
		ADDED from src\main\AndroidManifest.xml:57:13-51
activity#ng.com.bitlab.micash.ui.register.RegisterActivity
ADDED from src\main\AndroidManifest.xml:61:9-64:69
	android:screenOrientation
		ADDED from src\main\AndroidManifest.xml:63:13-49
	android:theme
		ADDED from src\main\AndroidManifest.xml:64:13-66
	android:name
		ADDED from src\main\AndroidManifest.xml:62:13-57
activity#ng.com.bitlab.micash.ui.welcome.WelcomeActivity
ADDED from src\main\AndroidManifest.xml:65:9-70:54
	android:screenOrientation
		ADDED from src\main\AndroidManifest.xml:69:13-49
	android:label
		ADDED from src\main\AndroidManifest.xml:68:13-59
	android:configChanges
		ADDED from src\main\AndroidManifest.xml:67:13-74
	android:theme
		ADDED from src\main\AndroidManifest.xml:70:13-51
	android:name
		ADDED from src\main\AndroidManifest.xml:66:13-55
activity#ng.com.bitlab.micash.ui.verify.VerifyActivity
ADDED from src\main\AndroidManifest.xml:71:9-74:62
	android:screenOrientation
		ADDED from src\main\AndroidManifest.xml:73:13-49
	android:theme
		ADDED from src\main\AndroidManifest.xml:74:13-59
	android:name
		ADDED from src\main\AndroidManifest.xml:72:13-53
activity#ng.com.bitlab.micash.ui.login.LoginActivity
ADDED from src\main\AndroidManifest.xml:75:9-78:69
	android:screenOrientation
		ADDED from src\main\AndroidManifest.xml:77:13-49
	android:theme
		ADDED from src\main\AndroidManifest.xml:78:13-66
	android:name
		ADDED from src\main\AndroidManifest.xml:76:13-51
meta-data#sendotp.key
ADDED from src\main\AndroidManifest.xml:80:9-82:51
	android:value
		ADDED from src\main\AndroidManifest.xml:82:13-48
	android:name
		ADDED from src\main\AndroidManifest.xml:81:13-39
activity#ng.com.bitlab.micash.ui.upload.UploadActivity
ADDED from src\main\AndroidManifest.xml:84:9-87:62
	android:screenOrientation
		ADDED from src\main\AndroidManifest.xml:86:13-49
	android:theme
		ADDED from src\main\AndroidManifest.xml:87:13-59
	android:name
		ADDED from src\main\AndroidManifest.xml:85:13-53
receiver#ng.com.bitlab.micash.utils.SMSReceiver
ADDED from src\main\AndroidManifest.xml:89:9-93:20
	android:name
		ADDED from src\main\AndroidManifest.xml:89:19-52
intent-filter#android.provider.Telephony.SMS_RECEIVED
ADDED from src\main\AndroidManifest.xml:90:13-92:29
action#android.provider.Telephony.SMS_RECEIVED
ADDED from src\main\AndroidManifest.xml:91:17-82
	android:name
		ADDED from src\main\AndroidManifest.xml:91:25-79
activity#ng.com.bitlab.micash.ui.recover.RecoverActivity
ADDED from src\main\AndroidManifest.xml:95:9-98:69
	android:screenOrientation
		ADDED from src\main\AndroidManifest.xml:97:13-49
	android:theme
		ADDED from src\main\AndroidManifest.xml:98:13-66
	android:name
		ADDED from src\main\AndroidManifest.xml:96:13-55
activity#ng.com.bitlab.micash.ui.resume.ResumeActivity
ADDED from src\main\AndroidManifest.xml:99:9-102:69
	android:screenOrientation
		ADDED from src\main\AndroidManifest.xml:101:13-49
	android:theme
		ADDED from src\main\AndroidManifest.xml:102:13-66
	android:name
		ADDED from src\main\AndroidManifest.xml:100:13-53
activity#ng.com.bitlab.micash.ui.loans.LoanDetailsActivity
ADDED from src\main\AndroidManifest.xml:103:9-66
	android:name
		ADDED from src\main\AndroidManifest.xml:103:19-63
activity#ng.com.bitlab.micash.ui.processing.ProcessingActivity
ADDED from src\main\AndroidManifest.xml:104:9-70
	android:name
		ADDED from src\main\AndroidManifest.xml:104:19-67
activity#ng.com.bitlab.micash.ui.profile.ProfileActivity
ADDED from src\main\AndroidManifest.xml:105:9-64
	android:name
		ADDED from src\main\AndroidManifest.xml:105:19-61
service#ng.com.bitlab.micash.services.FirebaseMessageService
ADDED from src\main\AndroidManifest.xml:107:9-113:19
	android:exported
		ADDED from src\main\AndroidManifest.xml:109:13-37
	android:name
		ADDED from src\main\AndroidManifest.xml:108:13-60
intent-filter#com.google.firebase.MESSAGING_EVENT
ADDED from src\main\AndroidManifest.xml:110:13-112:29
action#com.google.firebase.MESSAGING_EVENT
ADDED from src\main\AndroidManifest.xml:111:17-78
	android:name
		ADDED from src\main\AndroidManifest.xml:111:25-75
service#ng.com.bitlab.micash.services.FirebaseInstanceIDService
ADDED from src\main\AndroidManifest.xml:114:9-120:19
	android:exported
		ADDED from src\main\AndroidManifest.xml:116:13-37
	android:name
		ADDED from src\main\AndroidManifest.xml:115:13-63
intent-filter#com.google.firebase.INSTANCE_ID_EVENT
ADDED from src\main\AndroidManifest.xml:117:13-119:29
action#com.google.firebase.INSTANCE_ID_EVENT
ADDED from src\main\AndroidManifest.xml:118:17-80
	android:name
		ADDED from src\main\AndroidManifest.xml:118:25-77
activity#ng.com.bitlab.micash.ui.profile.TestActivity
ADDED from src\main\AndroidManifest.xml:122:9-126:20
	android:theme
		ADDED from src\main\AndroidManifest.xml:124:13-59
	android:name
		ADDED from src\main\AndroidManifest.xml:123:13-52
activity#ng.com.bitlab.micash.ui.addContact.AddContactActivity
ADDED from src\main\AndroidManifest.xml:127:9-129:69
	android:theme
		ADDED from src\main\AndroidManifest.xml:129:13-66
	android:name
		ADDED from src\main\AndroidManifest.xml:128:13-61
activity#ng.com.bitlab.micash.ui.addEmployment.AddEmploymentActivity
ADDED from src\main\AndroidManifest.xml:130:9-132:69
	android:theme
		ADDED from src\main\AndroidManifest.xml:132:13-66
	android:name
		ADDED from src\main\AndroidManifest.xml:131:13-67
activity#ng.com.bitlab.micash.ui.addBanking.AddBankingActivity
ADDED from src\main\AndroidManifest.xml:133:9-135:69
	android:theme
		ADDED from src\main\AndroidManifest.xml:135:13-66
	android:name
		ADDED from src\main\AndroidManifest.xml:134:13-61
activity#ng.com.bitlab.micash.ui.message.ThreadActivity
ADDED from src\main\AndroidManifest.xml:136:9-63
	android:name
		ADDED from src\main\AndroidManifest.xml:136:19-60
uses-sdk
INJECTED from src\main\AndroidManifest.xml reason: use-sdk injection requested
INJECTED from src\main\AndroidManifest.xml
INJECTED from src\main\AndroidManifest.xml
MERGED from [com.github.blackcat27:CurrencyEditText:2.0.2] AndroidManifest.xml:7:5-9:41
MERGED from [com.github.blackcat27:CurrencyEditText:2.0.2] AndroidManifest.xml:7:5-9:41
MERGED from [de.hdodenhof:circleimageview:2.1.0] AndroidManifest.xml:5:5-7:41
MERGED from [de.hdodenhof:circleimageview:2.1.0] AndroidManifest.xml:5:5-7:41
MERGED from [com.msg91.sendotp.library:library:3.1] AndroidManifest.xml:7:5-9:41
MERGED from [com.msg91.sendotp.library:library:3.1] AndroidManifest.xml:7:5-9:41
MERGED from [com.mikepenz:materialdrawer:5.9.2] AndroidManifest.xml:8:5-10:41
MERGED from [com.mikepenz:materialdrawer:5.9.2] AndroidManifest.xml:8:5-10:41
MERGED from [com.afollestad.material-dialogs:core:0.9.4.5] AndroidManifest.xml:8:5-11:75
MERGED from [com.afollestad.material-dialogs:core:0.9.4.5] AndroidManifest.xml:8:5-11:75
MERGED from [cc.cloudist.acplibrary:library:1.2.1] AndroidManifest.xml:8:5-10:41
MERGED from [cc.cloudist.acplibrary:library:1.2.1] AndroidManifest.xml:8:5-10:41
MERGED from [com.github.pinball83:masked-edittext:1.0.3] AndroidManifest.xml:7:5-9:41
MERGED from [com.github.pinball83:masked-edittext:1.0.3] AndroidManifest.xml:7:5-9:41
MERGED from [com.github.rahimlis:badgedtablayout:v1.1] AndroidManifest.xml:7:5-9:41
MERGED from [com.github.rahimlis:badgedtablayout:v1.1] AndroidManifest.xml:7:5-9:41
MERGED from [com.satsuware.lib:usefulviews:2.3.6] AndroidManifest.xml:23:5-25:41
MERGED from [com.satsuware.lib:usefulviews:2.3.6] AndroidManifest.xml:23:5-25:41
MERGED from [com.github.faranjit:currency-edittext:1.0.1] AndroidManifest.xml:7:5-9:41
MERGED from [com.github.faranjit:currency-edittext:1.0.1] AndroidManifest.xml:7:5-9:41
MERGED from [me.zhanghai.android.materialprogressbar:library:1.4.1] AndroidManifest.xml:12:5-14:41
MERGED from [me.zhanghai.android.materialprogressbar:library:1.4.1] AndroidManifest.xml:12:5-14:41
MERGED from [com.android.support:design:25.4.0] AndroidManifest.xml:21:5-23:62
MERGED from [com.android.support:design:25.4.0] AndroidManifest.xml:21:5-23:62
MERGED from [com.android.support:appcompat-v7:25.4.0] AndroidManifest.xml:21:5-23:78
MERGED from [com.android.support:appcompat-v7:25.4.0] AndroidManifest.xml:21:5-23:78
MERGED from [com.android.support.constraint:constraint-layout:1.0.2] AndroidManifest.xml:5:5-7:41
MERGED from [com.android.support.constraint:constraint-layout:1.0.2] AndroidManifest.xml:5:5-7:41
MERGED from [com.android.support:support-v13:25.3.1] AndroidManifest.xml:21:5-23:55
MERGED from [com.android.support:support-v13:25.3.1] AndroidManifest.xml:21:5-23:55
MERGED from [com.google.firebase:firebase-auth:11.0.4] AndroidManifest.xml:17:5-43
MERGED from [com.google.firebase:firebase-auth:11.0.4] AndroidManifest.xml:17:5-43
MERGED from [com.google.firebase:firebase-database:11.0.4] AndroidManifest.xml:3:5-43
MERGED from [com.google.firebase:firebase-database:11.0.4] AndroidManifest.xml:3:5-43
MERGED from [com.google.firebase:firebase-storage:11.0.4] AndroidManifest.xml:3:5-43
MERGED from [com.google.firebase:firebase-storage:11.0.4] AndroidManifest.xml:3:5-43
MERGED from [com.google.firebase:firebase-messaging:11.0.4] AndroidManifest.xml:17:5-43
MERGED from [com.google.firebase:firebase-messaging:11.0.4] AndroidManifest.xml:17:5-43
MERGED from [com.google.firebase:firebase-core:11.0.4] AndroidManifest.xml:4:5-43
MERGED from [com.google.firebase:firebase-core:11.0.4] AndroidManifest.xml:4:5-43
MERGED from [com.google.firebase:firebase-analytics:11.0.4] AndroidManifest.xml:17:5-43
MERGED from [com.google.firebase:firebase-analytics:11.0.4] AndroidManifest.xml:17:5-43
MERGED from [com.google.android.gms:play-services-base:11.0.4] AndroidManifest.xml:17:5-43
MERGED from [com.google.android.gms:play-services-base:11.0.4] AndroidManifest.xml:17:5-43
MERGED from [com.google.firebase:firebase-database-connection:11.0.4] AndroidManifest.xml:3:5-43
MERGED from [com.google.firebase:firebase-database-connection:11.0.4] AndroidManifest.xml:3:5-43
MERGED from [com.google.firebase:firebase-analytics-impl:11.0.4] AndroidManifest.xml:17:5-43
MERGED from [com.google.firebase:firebase-analytics-impl:11.0.4] AndroidManifest.xml:17:5-43
MERGED from [com.google.firebase:firebase-iid:11.0.4] AndroidManifest.xml:17:5-43
MERGED from [com.google.firebase:firebase-iid:11.0.4] AndroidManifest.xml:17:5-43
MERGED from [com.google.firebase:firebase-common:11.0.4] AndroidManifest.xml:3:5-43
MERGED from [com.google.firebase:firebase-common:11.0.4] AndroidManifest.xml:3:5-43
MERGED from [com.google.android.gms:play-services-tasks:11.0.4] AndroidManifest.xml:3:5-43
MERGED from [com.google.android.gms:play-services-tasks:11.0.4] AndroidManifest.xml:3:5-43
MERGED from [com.google.firebase:firebase-storage-common:11.0.4] AndroidManifest.xml:3:5-43
MERGED from [com.google.firebase:firebase-storage-common:11.0.4] AndroidManifest.xml:3:5-43
MERGED from [com.google.android.gms:play-services-basement:11.0.4] AndroidManifest.xml:17:5-43
MERGED from [com.google.android.gms:play-services-basement:11.0.4] AndroidManifest.xml:17:5-43
MERGED from [com.android.support:transition:25.4.0] AndroidManifest.xml:20:5-44
MERGED from [com.android.support:transition:25.4.0] AndroidManifest.xml:20:5-44
MERGED from [com.android.support:support-v4:25.4.0] AndroidManifest.xml:21:5-23:54
MERGED from [com.android.support:support-v4:25.4.0] AndroidManifest.xml:21:5-23:54
MERGED from [com.jakewharton:butterknife:8.7.0] AndroidManifest.xml:5:5-43
MERGED from [com.jakewharton:butterknife:8.7.0] AndroidManifest.xml:5:5-43
MERGED from [com.mikepenz:fontawesome-typeface:4.4.0.1] AndroidManifest.xml:8:5-10:41
MERGED from [com.mikepenz:fontawesome-typeface:4.4.0.1] AndroidManifest.xml:8:5-10:41
MERGED from [com.intuit.ssp:ssp-android:1.0.4] AndroidManifest.xml:7:5-9:41
MERGED from [com.intuit.ssp:ssp-android:1.0.4] AndroidManifest.xml:7:5-9:41
MERGED from [com.intuit.sdp:sdp-android:1.0.4] AndroidManifest.xml:7:5-9:41
MERGED from [com.intuit.sdp:sdp-android:1.0.4] AndroidManifest.xml:7:5-9:41
MERGED from [com.wang.avi:library:2.1.3] AndroidManifest.xml:7:5-9:41
MERGED from [com.wang.avi:library:2.1.3] AndroidManifest.xml:7:5-9:41
MERGED from [com.github.reinaldoarrosi:maskededittext:1.1.0] AndroidManifest.xml:7:5-9:41
MERGED from [com.github.reinaldoarrosi:maskededittext:1.1.0] AndroidManifest.xml:7:5-9:41
MERGED from [com.android.support:cardview-v7:25.4.0] AndroidManifest.xml:20:5-43
MERGED from [com.android.support:cardview-v7:25.4.0] AndroidManifest.xml:20:5-43
MERGED from [com.github.satyan:sugar:1.3.1] AndroidManifest.xml:7:5-9:41
MERGED from [com.github.satyan:sugar:1.3.1] AndroidManifest.xml:7:5-9:41
MERGED from [com.aldoapps:autoformatedittext:0.9.3] AndroidManifest.xml:7:5-9:41
MERGED from [com.aldoapps:autoformatedittext:0.9.3] AndroidManifest.xml:7:5-9:41
MERGED from [com.android.support:animated-vector-drawable:25.4.0] AndroidManifest.xml:20:5-44